=== DJFULL START === Sat Dec 13 10:18:57 PM EAT 2025
[1] makemigrations...
Traceback (most recent call last):
  File "/home/keith/python_projects/TafutaHao/manage.py", line 22, in <module>
    main()
  File "/home/keith/python_projects/TafutaHao/manage.py", line 18, in main
    execute_from_command_line(sys.argv)
  File "/home/keith/python_projects/venv/lib/python3.12/site-packages/django/core/management/__init__.py", line 442, in execute_from_command_line
    utility.execute()
  File "/home/keith/python_projects/venv/lib/python3.12/site-packages/django/core/management/__init__.py", line 436, in execute
    self.fetch_command(subcommand).run_from_argv(self.argv)
  File "/home/keith/python_projects/venv/lib/python3.12/site-packages/django/core/management/base.py", line 416, in run_from_argv
    self.execute(*args, **cmd_options)
  File "/home/keith/python_projects/venv/lib/python3.12/site-packages/django/core/management/base.py", line 457, in execute
    self.check(**check_kwargs)
  File "/home/keith/python_projects/venv/lib/python3.12/site-packages/django/core/management/base.py", line 492, in check
    all_issues = checks.run_checks(
                 ^^^^^^^^^^^^^^^^^^
  File "/home/keith/python_projects/venv/lib/python3.12/site-packages/django/core/checks/registry.py", line 89, in run_checks
    new_errors = check(app_configs=app_configs, databases=databases)
                 ^^^^^^^^^^^^^^^^^^^^^^^^^^^^^^^^^^^^^^^^^^^^^^^^^^^
  File "/home/keith/python_projects/venv/lib/python3.12/site-packages/django/core/checks/urls.py", line 136, in check_custom_error_handlers
    handler = resolver.resolve_error_handler(status_code)
              ^^^^^^^^^^^^^^^^^^^^^^^^^^^^^^^^^^^^^^^^^^^
  File "/home/keith/python_projects/venv/lib/python3.12/site-packages/django/urls/resolvers.py", line 732, in resolve_error_handler
    callback = getattr(self.urlconf_module, "handler%s" % view_type, None)
                       ^^^^^^^^^^^^^^^^^^^
  File "/home/keith/python_projects/venv/lib/python3.12/site-packages/django/utils/functional.py", line 47, in __get__
    res = instance.__dict__[self.name] = self.func(instance)
                                         ^^^^^^^^^^^^^^^^^^^
  File "/home/keith/python_projects/venv/lib/python3.12/site-packages/django/urls/resolvers.py", line 711, in urlconf_module
    return import_module(self.urlconf_name)
           ^^^^^^^^^^^^^^^^^^^^^^^^^^^^^^^^
  File "/usr/lib/python3.12/importlib/__init__.py", line 90, in import_module
    return _bootstrap._gcd_import(name[level:], package, level)
           ^^^^^^^^^^^^^^^^^^^^^^^^^^^^^^^^^^^^^^^^^^^^^^^^^^^^
  File "<frozen importlib._bootstrap>", line 1387, in _gcd_import
  File "<frozen importlib._bootstrap>", line 1360, in _find_and_load
  File "<frozen importlib._bootstrap>", line 1331, in _find_and_load_unlocked
  File "<frozen importlib._bootstrap>", line 935, in _load_unlocked
  File "<frozen importlib._bootstrap_external>", line 995, in exec_module
  File "<frozen importlib._bootstrap>", line 488, in _call_with_frames_removed
  File "/home/keith/python_projects/TafutaHao/TafutaHao/urls.py", line 35, in <module>
    path('browse/', include(('tenants.urls', 'tenants'), namespace = 'tenants')),
                    ^^^^^^^^^^^^^^^^^^^^^^^^^^^^^^^^^^^^^^^^^^^^^^^^^^^^^^^^^^^
  File "/home/keith/python_projects/venv/lib/python3.12/site-packages/django/urls/conf.py", line 39, in include
    urlconf_module = import_module(urlconf_module)
                     ^^^^^^^^^^^^^^^^^^^^^^^^^^^^^
  File "/usr/lib/python3.12/importlib/__init__.py", line 90, in import_module
    return _bootstrap._gcd_import(name[level:], package, level)
           ^^^^^^^^^^^^^^^^^^^^^^^^^^^^^^^^^^^^^^^^^^^^^^^^^^^^
  File "<frozen importlib._bootstrap>", line 1387, in _gcd_import
  File "<frozen importlib._bootstrap>", line 1360, in _find_and_load
  File "<frozen importlib._bootstrap>", line 1331, in _find_and_load_unlocked
  File "<frozen importlib._bootstrap>", line 935, in _load_unlocked
  File "<frozen importlib._bootstrap_external>", line 995, in exec_module
  File "<frozen importlib._bootstrap>", line 488, in _call_with_frames_removed
  File "/home/keith/python_projects/TafutaHao/tenants/urls.py", line 4, in <module>
    from .views import BrowsePropertiesView, FavoritePropertyView, FavoritePropertyDeleteView, TenantProfileView
  File "/home/keith/python_projects/TafutaHao/tenants/views.py", line 9, in <module>
    from properties.models import Property
  File "/home/keith/python_projects/TafutaHao/properties/models.py", line 5, in <module>
    class Property(models.Model):
  File "/home/keith/python_projects/venv/lib/python3.12/site-packages/django/db/models/base.py", line 136, in __new__
    raise RuntimeError(
RuntimeError: Model class properties.models.Property doesn't declare an explicit app_label and isn't in an application in INSTALLED_APPS.
[ERROR] makemigrations failed.
=== DJFULL START === Sat Dec 13 10:55:58 PM EAT 2025
[1] makemigrations...
Traceback (most recent call last):
  File "/home/keith/python_projects/TafutaHao/manage.py", line 22, in <module>
    main()
  File "/home/keith/python_projects/TafutaHao/manage.py", line 18, in main
    execute_from_command_line(sys.argv)
  File "/home/keith/python_projects/venv/lib/python3.12/site-packages/django/core/management/__init__.py", line 442, in execute_from_command_line
    utility.execute()
  File "/home/keith/python_projects/venv/lib/python3.12/site-packages/django/core/management/__init__.py", line 436, in execute
    self.fetch_command(subcommand).run_from_argv(self.argv)
  File "/home/keith/python_projects/venv/lib/python3.12/site-packages/django/core/management/base.py", line 416, in run_from_argv
    self.execute(*args, **cmd_options)
  File "/home/keith/python_projects/venv/lib/python3.12/site-packages/django/core/management/base.py", line 457, in execute
    self.check(**check_kwargs)
  File "/home/keith/python_projects/venv/lib/python3.12/site-packages/django/core/management/base.py", line 492, in check
    all_issues = checks.run_checks(
                 ^^^^^^^^^^^^^^^^^^
  File "/home/keith/python_projects/venv/lib/python3.12/site-packages/django/core/checks/registry.py", line 89, in run_checks
    new_errors = check(app_configs=app_configs, databases=databases)
                 ^^^^^^^^^^^^^^^^^^^^^^^^^^^^^^^^^^^^^^^^^^^^^^^^^^^
  File "/home/keith/python_projects/venv/lib/python3.12/site-packages/django/core/checks/urls.py", line 136, in check_custom_error_handlers
    handler = resolver.resolve_error_handler(status_code)
              ^^^^^^^^^^^^^^^^^^^^^^^^^^^^^^^^^^^^^^^^^^^
  File "/home/keith/python_projects/venv/lib/python3.12/site-packages/django/urls/resolvers.py", line 732, in resolve_error_handler
    callback = getattr(self.urlconf_module, "handler%s" % view_type, None)
                       ^^^^^^^^^^^^^^^^^^^
  File "/home/keith/python_projects/venv/lib/python3.12/site-packages/django/utils/functional.py", line 47, in __get__
    res = instance.__dict__[self.name] = self.func(instance)
                                         ^^^^^^^^^^^^^^^^^^^
  File "/home/keith/python_projects/venv/lib/python3.12/site-packages/django/urls/resolvers.py", line 711, in urlconf_module
    return import_module(self.urlconf_name)
           ^^^^^^^^^^^^^^^^^^^^^^^^^^^^^^^^
  File "/usr/lib/python3.12/importlib/__init__.py", line 90, in import_module
    return _bootstrap._gcd_import(name[level:], package, level)
           ^^^^^^^^^^^^^^^^^^^^^^^^^^^^^^^^^^^^^^^^^^^^^^^^^^^^
  File "<frozen importlib._bootstrap>", line 1387, in _gcd_import
  File "<frozen importlib._bootstrap>", line 1360, in _find_and_load
  File "<frozen importlib._bootstrap>", line 1331, in _find_and_load_unlocked
  File "<frozen importlib._bootstrap>", line 935, in _load_unlocked
  File "<frozen importlib._bootstrap_external>", line 995, in exec_module
  File "<frozen importlib._bootstrap>", line 488, in _call_with_frames_removed
  File "/home/keith/python_projects/TafutaHao/TafutaHao/urls.py", line 35, in <module>
    path('browse/', include(('tenants.urls', 'tenants'), namespace = 'tenants')),
                    ^^^^^^^^^^^^^^^^^^^^^^^^^^^^^^^^^^^^^^^^^^^^^^^^^^^^^^^^^^^
  File "/home/keith/python_projects/venv/lib/python3.12/site-packages/django/urls/conf.py", line 39, in include
    urlconf_module = import_module(urlconf_module)
                     ^^^^^^^^^^^^^^^^^^^^^^^^^^^^^
  File "/usr/lib/python3.12/importlib/__init__.py", line 90, in import_module
    return _bootstrap._gcd_import(name[level:], package, level)
           ^^^^^^^^^^^^^^^^^^^^^^^^^^^^^^^^^^^^^^^^^^^^^^^^^^^^
  File "<frozen importlib._bootstrap>", line 1387, in _gcd_import
  File "<frozen importlib._bootstrap>", line 1360, in _find_and_load
  File "<frozen importlib._bootstrap>", line 1331, in _find_and_load_unlocked
  File "<frozen importlib._bootstrap>", line 935, in _load_unlocked
  File "<frozen importlib._bootstrap_external>", line 995, in exec_module
  File "<frozen importlib._bootstrap>", line 488, in _call_with_frames_removed
  File "/home/keith/python_projects/TafutaHao/tenants/urls.py", line 4, in <module>
    from .views import BrowsePropertiesView, FavoritePropertyView, FavoritePropertyDeleteView, TenantProfileView
  File "/home/keith/python_projects/TafutaHao/tenants/views.py", line 9, in <module>
    from properties.models import Property
  File "/home/keith/python_projects/TafutaHao/properties/models.py", line 5, in <module>
    class Property(models.Model):
  File "/home/keith/python_projects/venv/lib/python3.12/site-packages/django/db/models/base.py", line 136, in __new__
    raise RuntimeError(
RuntimeError: Model class properties.models.Property doesn't declare an explicit app_label and isn't in an application in INSTALLED_APPS.
[ERROR] makemigrations failed.
=== DJFULL START === Sat Dec 13 11:22:29 PM EAT 2025
[1] makemigrations...
Traceback (most recent call last):
  File "/home/keith/python_projects/TafutaHao/manage.py", line 22, in <module>
    main()
  File "/home/keith/python_projects/TafutaHao/manage.py", line 18, in main
    execute_from_command_line(sys.argv)
  File "/home/keith/python_projects/venv/lib/python3.12/site-packages/django/core/management/__init__.py", line 442, in execute_from_command_line
    utility.execute()
  File "/home/keith/python_projects/venv/lib/python3.12/site-packages/django/core/management/__init__.py", line 436, in execute
    self.fetch_command(subcommand).run_from_argv(self.argv)
  File "/home/keith/python_projects/venv/lib/python3.12/site-packages/django/core/management/base.py", line 416, in run_from_argv
    self.execute(*args, **cmd_options)
  File "/home/keith/python_projects/venv/lib/python3.12/site-packages/django/core/management/base.py", line 457, in execute
    self.check(**check_kwargs)
  File "/home/keith/python_projects/venv/lib/python3.12/site-packages/django/core/management/base.py", line 492, in check
    all_issues = checks.run_checks(
                 ^^^^^^^^^^^^^^^^^^
  File "/home/keith/python_projects/venv/lib/python3.12/site-packages/django/core/checks/registry.py", line 89, in run_checks
    new_errors = check(app_configs=app_configs, databases=databases)
                 ^^^^^^^^^^^^^^^^^^^^^^^^^^^^^^^^^^^^^^^^^^^^^^^^^^^
  File "/home/keith/python_projects/venv/lib/python3.12/site-packages/django/core/checks/urls.py", line 136, in check_custom_error_handlers
    handler = resolver.resolve_error_handler(status_code)
              ^^^^^^^^^^^^^^^^^^^^^^^^^^^^^^^^^^^^^^^^^^^
  File "/home/keith/python_projects/venv/lib/python3.12/site-packages/django/urls/resolvers.py", line 732, in resolve_error_handler
    callback = getattr(self.urlconf_module, "handler%s" % view_type, None)
                       ^^^^^^^^^^^^^^^^^^^
  File "/home/keith/python_projects/venv/lib/python3.12/site-packages/django/utils/functional.py", line 47, in __get__
    res = instance.__dict__[self.name] = self.func(instance)
                                         ^^^^^^^^^^^^^^^^^^^
  File "/home/keith/python_projects/venv/lib/python3.12/site-packages/django/urls/resolvers.py", line 711, in urlconf_module
    return import_module(self.urlconf_name)
           ^^^^^^^^^^^^^^^^^^^^^^^^^^^^^^^^
  File "/usr/lib/python3.12/importlib/__init__.py", line 90, in import_module
    return _bootstrap._gcd_import(name[level:], package, level)
           ^^^^^^^^^^^^^^^^^^^^^^^^^^^^^^^^^^^^^^^^^^^^^^^^^^^^
  File "<frozen importlib._bootstrap>", line 1387, in _gcd_import
  File "<frozen importlib._bootstrap>", line 1360, in _find_and_load
  File "<frozen importlib._bootstrap>", line 1331, in _find_and_load_unlocked
  File "<frozen importlib._bootstrap>", line 935, in _load_unlocked
  File "<frozen importlib._bootstrap_external>", line 995, in exec_module
  File "<frozen importlib._bootstrap>", line 488, in _call_with_frames_removed
  File "/home/keith/python_projects/TafutaHao/TafutaHao/urls.py", line 35, in <module>
    path('browse/', include(('tenants.urls', 'tenants'), namespace = 'tenants')),
                    ^^^^^^^^^^^^^^^^^^^^^^^^^^^^^^^^^^^^^^^^^^^^^^^^^^^^^^^^^^^
  File "/home/keith/python_projects/venv/lib/python3.12/site-packages/django/urls/conf.py", line 39, in include
    urlconf_module = import_module(urlconf_module)
                     ^^^^^^^^^^^^^^^^^^^^^^^^^^^^^
  File "/usr/lib/python3.12/importlib/__init__.py", line 90, in import_module
    return _bootstrap._gcd_import(name[level:], package, level)
           ^^^^^^^^^^^^^^^^^^^^^^^^^^^^^^^^^^^^^^^^^^^^^^^^^^^^
  File "<frozen importlib._bootstrap>", line 1387, in _gcd_import
  File "<frozen importlib._bootstrap>", line 1360, in _find_and_load
  File "<frozen importlib._bootstrap>", line 1331, in _find_and_load_unlocked
  File "<frozen importlib._bootstrap>", line 935, in _load_unlocked
  File "<frozen importlib._bootstrap_external>", line 995, in exec_module
  File "<frozen importlib._bootstrap>", line 488, in _call_with_frames_removed
  File "/home/keith/python_projects/TafutaHao/tenants/urls.py", line 4, in <module>
    from .views import BrowsePropertiesView, FavoritePropertyView, FavoritePropertyDeleteView, TenantProfileView
  File "/home/keith/python_projects/TafutaHao/tenants/views.py", line 9, in <module>
    from properties.models import Property
  File "/home/keith/python_projects/TafutaHao/properties/models.py", line 5, in <module>
    class Property(models.Model):
  File "/home/keith/python_projects/venv/lib/python3.12/site-packages/django/db/models/base.py", line 136, in __new__
    raise RuntimeError(
RuntimeError: Model class properties.models.Property doesn't declare an explicit app_label and isn't in an application in INSTALLED_APPS.
[ERROR] makemigrations failed.
=== DJFULL START === Sun Dec 14 05:03:59 PM EAT 2025
[1] makemigrations...
Traceback (most recent call last):
  File "/home/keith/python_projects/TafutaHao/manage.py", line 22, in <module>
    main()
  File "/home/keith/python_projects/TafutaHao/manage.py", line 18, in main
    execute_from_command_line(sys.argv)
  File "/home/keith/python_projects/venv/lib/python3.12/site-packages/django/core/management/__init__.py", line 442, in execute_from_command_line
    utility.execute()
  File "/home/keith/python_projects/venv/lib/python3.12/site-packages/django/core/management/__init__.py", line 436, in execute
    self.fetch_command(subcommand).run_from_argv(self.argv)
  File "/home/keith/python_projects/venv/lib/python3.12/site-packages/django/core/management/base.py", line 416, in run_from_argv
    self.execute(*args, **cmd_options)
  File "/home/keith/python_projects/venv/lib/python3.12/site-packages/django/core/management/base.py", line 457, in execute
    self.check(**check_kwargs)
  File "/home/keith/python_projects/venv/lib/python3.12/site-packages/django/core/management/base.py", line 492, in check
    all_issues = checks.run_checks(
                 ^^^^^^^^^^^^^^^^^^
  File "/home/keith/python_projects/venv/lib/python3.12/site-packages/django/core/checks/registry.py", line 89, in run_checks
    new_errors = check(app_configs=app_configs, databases=databases)
                 ^^^^^^^^^^^^^^^^^^^^^^^^^^^^^^^^^^^^^^^^^^^^^^^^^^^
  File "/home/keith/python_projects/venv/lib/python3.12/site-packages/django/core/checks/urls.py", line 136, in check_custom_error_handlers
    handler = resolver.resolve_error_handler(status_code)
              ^^^^^^^^^^^^^^^^^^^^^^^^^^^^^^^^^^^^^^^^^^^
  File "/home/keith/python_projects/venv/lib/python3.12/site-packages/django/urls/resolvers.py", line 732, in resolve_error_handler
    callback = getattr(self.urlconf_module, "handler%s" % view_type, None)
                       ^^^^^^^^^^^^^^^^^^^
  File "/home/keith/python_projects/venv/lib/python3.12/site-packages/django/utils/functional.py", line 47, in __get__
    res = instance.__dict__[self.name] = self.func(instance)
                                         ^^^^^^^^^^^^^^^^^^^
  File "/home/keith/python_projects/venv/lib/python3.12/site-packages/django/urls/resolvers.py", line 711, in urlconf_module
    return import_module(self.urlconf_name)
           ^^^^^^^^^^^^^^^^^^^^^^^^^^^^^^^^
  File "/usr/lib/python3.12/importlib/__init__.py", line 90, in import_module
    return _bootstrap._gcd_import(name[level:], package, level)
           ^^^^^^^^^^^^^^^^^^^^^^^^^^^^^^^^^^^^^^^^^^^^^^^^^^^^
  File "<frozen importlib._bootstrap>", line 1387, in _gcd_import
  File "<frozen importlib._bootstrap>", line 1360, in _find_and_load
  File "<frozen importlib._bootstrap>", line 1331, in _find_and_load_unlocked
  File "<frozen importlib._bootstrap>", line 935, in _load_unlocked
  File "<frozen importlib._bootstrap_external>", line 995, in exec_module
  File "<frozen importlib._bootstrap>", line 488, in _call_with_frames_removed
  File "/home/keith/python_projects/TafutaHao/TafutaHao/urls.py", line 35, in <module>
    path('browse/', include(('tenants.urls', 'tenants'), namespace = 'tenants')),
                    ^^^^^^^^^^^^^^^^^^^^^^^^^^^^^^^^^^^^^^^^^^^^^^^^^^^^^^^^^^^
  File "/home/keith/python_projects/venv/lib/python3.12/site-packages/django/urls/conf.py", line 39, in include
    urlconf_module = import_module(urlconf_module)
                     ^^^^^^^^^^^^^^^^^^^^^^^^^^^^^
  File "/usr/lib/python3.12/importlib/__init__.py", line 90, in import_module
    return _bootstrap._gcd_import(name[level:], package, level)
           ^^^^^^^^^^^^^^^^^^^^^^^^^^^^^^^^^^^^^^^^^^^^^^^^^^^^
  File "<frozen importlib._bootstrap>", line 1387, in _gcd_import
  File "<frozen importlib._bootstrap>", line 1360, in _find_and_load
  File "<frozen importlib._bootstrap>", line 1331, in _find_and_load_unlocked
  File "<frozen importlib._bootstrap>", line 935, in _load_unlocked
  File "<frozen importlib._bootstrap_external>", line 995, in exec_module
  File "<frozen importlib._bootstrap>", line 488, in _call_with_frames_removed
  File "/home/keith/python_projects/TafutaHao/tenants/urls.py", line 4, in <module>
    from .views import BrowsePropertiesView, FavoritePropertyView, FavoritePropertyDeleteView, TenantProfileView
  File "/home/keith/python_projects/TafutaHao/tenants/views.py", line 9, in <module>
    from properties.models import Property
  File "/home/keith/python_projects/TafutaHao/properties/models.py", line 5, in <module>
    class Property(models.Model):
  File "/home/keith/python_projects/venv/lib/python3.12/site-packages/django/db/models/base.py", line 136, in __new__
    raise RuntimeError(
RuntimeError: Model class properties.models.Property doesn't declare an explicit app_label and isn't in an application in INSTALLED_APPS.
[ERROR] makemigrations failed.
=== DJFULL START === Sun Dec 14 05:20:02 PM EAT 2025
[1] makemigrations...
Traceback (most recent call last):
  File "/home/keith/python_projects/TafutaHao/manage.py", line 22, in <module>
    main()
  File "/home/keith/python_projects/TafutaHao/manage.py", line 18, in main
    execute_from_command_line(sys.argv)
  File "/home/keith/python_projects/venv/lib/python3.12/site-packages/django/core/management/__init__.py", line 442, in execute_from_command_line
    utility.execute()
  File "/home/keith/python_projects/venv/lib/python3.12/site-packages/django/core/management/__init__.py", line 436, in execute
    self.fetch_command(subcommand).run_from_argv(self.argv)
  File "/home/keith/python_projects/venv/lib/python3.12/site-packages/django/core/management/base.py", line 416, in run_from_argv
    self.execute(*args, **cmd_options)
  File "/home/keith/python_projects/venv/lib/python3.12/site-packages/django/core/management/base.py", line 457, in execute
    self.check(**check_kwargs)
  File "/home/keith/python_projects/venv/lib/python3.12/site-packages/django/core/management/base.py", line 492, in check
    all_issues = checks.run_checks(
                 ^^^^^^^^^^^^^^^^^^
  File "/home/keith/python_projects/venv/lib/python3.12/site-packages/django/core/checks/registry.py", line 89, in run_checks
    new_errors = check(app_configs=app_configs, databases=databases)
                 ^^^^^^^^^^^^^^^^^^^^^^^^^^^^^^^^^^^^^^^^^^^^^^^^^^^
  File "/home/keith/python_projects/venv/lib/python3.12/site-packages/django/core/checks/urls.py", line 136, in check_custom_error_handlers
    handler = resolver.resolve_error_handler(status_code)
              ^^^^^^^^^^^^^^^^^^^^^^^^^^^^^^^^^^^^^^^^^^^
  File "/home/keith/python_projects/venv/lib/python3.12/site-packages/django/urls/resolvers.py", line 732, in resolve_error_handler
    callback = getattr(self.urlconf_module, "handler%s" % view_type, None)
                       ^^^^^^^^^^^^^^^^^^^
  File "/home/keith/python_projects/venv/lib/python3.12/site-packages/django/utils/functional.py", line 47, in __get__
    res = instance.__dict__[self.name] = self.func(instance)
                                         ^^^^^^^^^^^^^^^^^^^
  File "/home/keith/python_projects/venv/lib/python3.12/site-packages/django/urls/resolvers.py", line 711, in urlconf_module
    return import_module(self.urlconf_name)
           ^^^^^^^^^^^^^^^^^^^^^^^^^^^^^^^^
  File "/usr/lib/python3.12/importlib/__init__.py", line 90, in import_module
    return _bootstrap._gcd_import(name[level:], package, level)
           ^^^^^^^^^^^^^^^^^^^^^^^^^^^^^^^^^^^^^^^^^^^^^^^^^^^^
  File "<frozen importlib._bootstrap>", line 1387, in _gcd_import
  File "<frozen importlib._bootstrap>", line 1360, in _find_and_load
  File "<frozen importlib._bootstrap>", line 1331, in _find_and_load_unlocked
  File "<frozen importlib._bootstrap>", line 935, in _load_unlocked
  File "<frozen importlib._bootstrap_external>", line 995, in exec_module
  File "<frozen importlib._bootstrap>", line 488, in _call_with_frames_removed
  File "/home/keith/python_projects/TafutaHao/TafutaHao/urls.py", line 35, in <module>
    path('browse/', include(('tenants.urls', 'tenants'), namespace = 'tenants')),
                    ^^^^^^^^^^^^^^^^^^^^^^^^^^^^^^^^^^^^^^^^^^^^^^^^^^^^^^^^^^^
  File "/home/keith/python_projects/venv/lib/python3.12/site-packages/django/urls/conf.py", line 39, in include
    urlconf_module = import_module(urlconf_module)
                     ^^^^^^^^^^^^^^^^^^^^^^^^^^^^^
  File "/usr/lib/python3.12/importlib/__init__.py", line 90, in import_module
    return _bootstrap._gcd_import(name[level:], package, level)
           ^^^^^^^^^^^^^^^^^^^^^^^^^^^^^^^^^^^^^^^^^^^^^^^^^^^^
  File "<frozen importlib._bootstrap>", line 1387, in _gcd_import
  File "<frozen importlib._bootstrap>", line 1360, in _find_and_load
  File "<frozen importlib._bootstrap>", line 1331, in _find_and_load_unlocked
  File "<frozen importlib._bootstrap>", line 935, in _load_unlocked
  File "<frozen importlib._bootstrap_external>", line 995, in exec_module
  File "<frozen importlib._bootstrap>", line 488, in _call_with_frames_removed
  File "/home/keith/python_projects/TafutaHao/tenants/urls.py", line 4, in <module>
    from .views import BrowsePropertiesView, FavoritePropertyView, FavoritePropertyDeleteView, TenantProfileView
  File "/home/keith/python_projects/TafutaHao/tenants/views.py", line 9, in <module>
    from properties.models import Property
  File "/home/keith/python_projects/TafutaHao/properties/models.py", line 5, in <module>
    class Property(models.Model):
  File "/home/keith/python_projects/venv/lib/python3.12/site-packages/django/db/models/base.py", line 136, in __new__
    raise RuntimeError(
RuntimeError: Model class properties.models.Property doesn't declare an explicit app_label and isn't in an application in INSTALLED_APPS.
[ERROR] makemigrations failed.
=== DJFULL START === Sun Dec 14 05:21:00 PM EAT 2025
[1] makemigrations...
Traceback (most recent call last):
  File "/home/keith/python_projects/TafutaHao/manage.py", line 22, in <module>
    main()
  File "/home/keith/python_projects/TafutaHao/manage.py", line 18, in main
    execute_from_command_line(sys.argv)
  File "/home/keith/python_projects/venv/lib/python3.12/site-packages/django/core/management/__init__.py", line 442, in execute_from_command_line
    utility.execute()
  File "/home/keith/python_projects/venv/lib/python3.12/site-packages/django/core/management/__init__.py", line 436, in execute
    self.fetch_command(subcommand).run_from_argv(self.argv)
  File "/home/keith/python_projects/venv/lib/python3.12/site-packages/django/core/management/base.py", line 416, in run_from_argv
    self.execute(*args, **cmd_options)
  File "/home/keith/python_projects/venv/lib/python3.12/site-packages/django/core/management/base.py", line 457, in execute
    self.check(**check_kwargs)
  File "/home/keith/python_projects/venv/lib/python3.12/site-packages/django/core/management/base.py", line 492, in check
    all_issues = checks.run_checks(
                 ^^^^^^^^^^^^^^^^^^
  File "/home/keith/python_projects/venv/lib/python3.12/site-packages/django/core/checks/registry.py", line 89, in run_checks
    new_errors = check(app_configs=app_configs, databases=databases)
                 ^^^^^^^^^^^^^^^^^^^^^^^^^^^^^^^^^^^^^^^^^^^^^^^^^^^
  File "/home/keith/python_projects/venv/lib/python3.12/site-packages/django/core/checks/urls.py", line 136, in check_custom_error_handlers
    handler = resolver.resolve_error_handler(status_code)
              ^^^^^^^^^^^^^^^^^^^^^^^^^^^^^^^^^^^^^^^^^^^
  File "/home/keith/python_projects/venv/lib/python3.12/site-packages/django/urls/resolvers.py", line 732, in resolve_error_handler
    callback = getattr(self.urlconf_module, "handler%s" % view_type, None)
                       ^^^^^^^^^^^^^^^^^^^
  File "/home/keith/python_projects/venv/lib/python3.12/site-packages/django/utils/functional.py", line 47, in __get__
    res = instance.__dict__[self.name] = self.func(instance)
                                         ^^^^^^^^^^^^^^^^^^^
  File "/home/keith/python_projects/venv/lib/python3.12/site-packages/django/urls/resolvers.py", line 711, in urlconf_module
    return import_module(self.urlconf_name)
           ^^^^^^^^^^^^^^^^^^^^^^^^^^^^^^^^
  File "/usr/lib/python3.12/importlib/__init__.py", line 90, in import_module
    return _bootstrap._gcd_import(name[level:], package, level)
           ^^^^^^^^^^^^^^^^^^^^^^^^^^^^^^^^^^^^^^^^^^^^^^^^^^^^
  File "<frozen importlib._bootstrap>", line 1387, in _gcd_import
  File "<frozen importlib._bootstrap>", line 1360, in _find_and_load
  File "<frozen importlib._bootstrap>", line 1331, in _find_and_load_unlocked
  File "<frozen importlib._bootstrap>", line 935, in _load_unlocked
  File "<frozen importlib._bootstrap_external>", line 995, in exec_module
  File "<frozen importlib._bootstrap>", line 488, in _call_with_frames_removed
  File "/home/keith/python_projects/TafutaHao/TafutaHao/urls.py", line 35, in <module>
    path('browse/', include(('tenants.urls', 'tenants'), namespace = 'tenants')),
                    ^^^^^^^^^^^^^^^^^^^^^^^^^^^^^^^^^^^^^^^^^^^^^^^^^^^^^^^^^^^
  File "/home/keith/python_projects/venv/lib/python3.12/site-packages/django/urls/conf.py", line 39, in include
    urlconf_module = import_module(urlconf_module)
                     ^^^^^^^^^^^^^^^^^^^^^^^^^^^^^
  File "/usr/lib/python3.12/importlib/__init__.py", line 90, in import_module
    return _bootstrap._gcd_import(name[level:], package, level)
           ^^^^^^^^^^^^^^^^^^^^^^^^^^^^^^^^^^^^^^^^^^^^^^^^^^^^
  File "<frozen importlib._bootstrap>", line 1387, in _gcd_import
  File "<frozen importlib._bootstrap>", line 1360, in _find_and_load
  File "<frozen importlib._bootstrap>", line 1331, in _find_and_load_unlocked
  File "<frozen importlib._bootstrap>", line 935, in _load_unlocked
  File "<frozen importlib._bootstrap_external>", line 995, in exec_module
  File "<frozen importlib._bootstrap>", line 488, in _call_with_frames_removed
  File "/home/keith/python_projects/TafutaHao/tenants/urls.py", line 4, in <module>
    from .views import BrowsePropertiesView, FavoritePropertyView, FavoritePropertyDeleteView, TenantProfileView
  File "/home/keith/python_projects/TafutaHao/tenants/views.py", line 16, in <module>
    from accounts.forms import CustomUserCreationForm
  File "/home/keith/python_projects/TafutaHao/accounts/forms.py", line 34, in <module>
    class CustomUserChangeForm(UserChangeForm):
  File "/home/keith/python_projects/venv/lib/python3.12/site-packages/django/forms/models.py", line 334, in __new__
    raise FieldError(message)
django.core.exceptions.FieldError: Unknown field(s) (phone_number, role) specified for User
[ERROR] makemigrations failed.
=== DJFULL START === Sun Dec 14 05:23:33 PM EAT 2025
[1] makemigrations...
Traceback (most recent call last):
  File "/home/keith/python_projects/venv/lib/python3.12/site-packages/django/core/checks/urls.py", line 136, in check_custom_error_handlers
    handler = resolver.resolve_error_handler(status_code)
              ^^^^^^^^^^^^^^^^^^^^^^^^^^^^^^^^^^^^^^^^^^^
  File "/home/keith/python_projects/venv/lib/python3.12/site-packages/django/urls/resolvers.py", line 732, in resolve_error_handler
    callback = getattr(self.urlconf_module, "handler%s" % view_type, None)
                       ^^^^^^^^^^^^^^^^^^^
  File "/home/keith/python_projects/venv/lib/python3.12/site-packages/django/utils/functional.py", line 47, in __get__
    res = instance.__dict__[self.name] = self.func(instance)
                                         ^^^^^^^^^^^^^^^^^^^
  File "/home/keith/python_projects/venv/lib/python3.12/site-packages/django/urls/resolvers.py", line 711, in urlconf_module
    return import_module(self.urlconf_name)
           ^^^^^^^^^^^^^^^^^^^^^^^^^^^^^^^^
  File "/usr/lib/python3.12/importlib/__init__.py", line 90, in import_module
    return _bootstrap._gcd_import(name[level:], package, level)
           ^^^^^^^^^^^^^^^^^^^^^^^^^^^^^^^^^^^^^^^^^^^^^^^^^^^^
  File "<frozen importlib._bootstrap>", line 1387, in _gcd_import
  File "<frozen importlib._bootstrap>", line 1360, in _find_and_load
  File "<frozen importlib._bootstrap>", line 1331, in _find_and_load_unlocked
  File "<frozen importlib._bootstrap>", line 935, in _load_unlocked
  File "<frozen importlib._bootstrap_external>", line 995, in exec_module
  File "<frozen importlib._bootstrap>", line 488, in _call_with_frames_removed
  File "/home/keith/python_projects/TafutaHao/TafutaHao/urls.py", line 41, in <module>
    path('landlord/', include(('landlords.urls', 'landlords'), namespace = 'landlords')),
                      ^^^^^^^^^^^^^^^^^^^^^^^^^^^^^^^^^^^^^^^^^^^^^^^^^^^^^^^^^^^^^^^^^
  File "/home/keith/python_projects/venv/lib/python3.12/site-packages/django/urls/conf.py", line 39, in include
    urlconf_module = import_module(urlconf_module)
                     ^^^^^^^^^^^^^^^^^^^^^^^^^^^^^
  File "/usr/lib/python3.12/importlib/__init__.py", line 90, in import_module
    return _bootstrap._gcd_import(name[level:], package, level)
           ^^^^^^^^^^^^^^^^^^^^^^^^^^^^^^^^^^^^^^^^^^^^^^^^^^^^
  File "<frozen importlib._bootstrap>", line 1387, in _gcd_import
  File "<frozen importlib._bootstrap>", line 1360, in _find_and_load
  File "<frozen importlib._bootstrap>", line 1331, in _find_and_load_unlocked
  File "<frozen importlib._bootstrap>", line 935, in _load_unlocked
  File "<frozen importlib._bootstrap_external>", line 995, in exec_module
  File "<frozen importlib._bootstrap>", line 488, in _call_with_frames_removed
  File "/home/keith/python_projects/TafutaHao/landlords/urls.py", line 4, in <module>
    from . import views
  File "/home/keith/python_projects/TafutaHao/landlords/views.py", line 9, in <module>
    from .forms import PropertyForm
ModuleNotFoundError: No module named 'landlords.forms'

During handling of the above exception, another exception occurred:

Traceback (most recent call last):
  File "/home/keith/python_projects/TafutaHao/manage.py", line 22, in <module>
    main()
  File "/home/keith/python_projects/TafutaHao/manage.py", line 18, in main
    execute_from_command_line(sys.argv)
  File "/home/keith/python_projects/venv/lib/python3.12/site-packages/django/core/management/__init__.py", line 442, in execute_from_command_line
    utility.execute()
  File "/home/keith/python_projects/venv/lib/python3.12/site-packages/django/core/management/__init__.py", line 436, in execute
    self.fetch_command(subcommand).run_from_argv(self.argv)
  File "/home/keith/python_projects/venv/lib/python3.12/site-packages/django/core/management/base.py", line 416, in run_from_argv
    self.execute(*args, **cmd_options)
  File "/home/keith/python_projects/venv/lib/python3.12/site-packages/django/core/management/base.py", line 457, in execute
    self.check(**check_kwargs)
  File "/home/keith/python_projects/venv/lib/python3.12/site-packages/django/core/management/base.py", line 492, in check
    all_issues = checks.run_checks(
                 ^^^^^^^^^^^^^^^^^^
  File "/home/keith/python_projects/venv/lib/python3.12/site-packages/django/core/checks/registry.py", line 89, in run_checks
    new_errors = check(app_configs=app_configs, databases=databases)
                 ^^^^^^^^^^^^^^^^^^^^^^^^^^^^^^^^^^^^^^^^^^^^^^^^^^^
  File "/home/keith/python_projects/venv/lib/python3.12/site-packages/django/core/checks/urls.py", line 138, in check_custom_error_handlers
    path = getattr(resolver.urlconf_module, "handler%s" % status_code)
                   ^^^^^^^^^^^^^^^^^^^^^^^
  File "/home/keith/python_projects/venv/lib/python3.12/site-packages/django/utils/functional.py", line 47, in __get__
    res = instance.__dict__[self.name] = self.func(instance)
                                         ^^^^^^^^^^^^^^^^^^^
  File "/home/keith/python_projects/venv/lib/python3.12/site-packages/django/urls/resolvers.py", line 711, in urlconf_module
    return import_module(self.urlconf_name)
           ^^^^^^^^^^^^^^^^^^^^^^^^^^^^^^^^
  File "/usr/lib/python3.12/importlib/__init__.py", line 90, in import_module
    return _bootstrap._gcd_import(name[level:], package, level)
           ^^^^^^^^^^^^^^^^^^^^^^^^^^^^^^^^^^^^^^^^^^^^^^^^^^^^
  File "<frozen importlib._bootstrap>", line 1387, in _gcd_import
  File "<frozen importlib._bootstrap>", line 1360, in _find_and_load
  File "<frozen importlib._bootstrap>", line 1331, in _find_and_load_unlocked
  File "<frozen importlib._bootstrap>", line 935, in _load_unlocked
  File "<frozen importlib._bootstrap_external>", line 995, in exec_module
  File "<frozen importlib._bootstrap>", line 488, in _call_with_frames_removed
  File "/home/keith/python_projects/TafutaHao/TafutaHao/urls.py", line 41, in <module>
    path('landlord/', include(('landlords.urls', 'landlords'), namespace = 'landlords')),
                      ^^^^^^^^^^^^^^^^^^^^^^^^^^^^^^^^^^^^^^^^^^^^^^^^^^^^^^^^^^^^^^^^^
  File "/home/keith/python_projects/venv/lib/python3.12/site-packages/django/urls/conf.py", line 39, in include
    urlconf_module = import_module(urlconf_module)
                     ^^^^^^^^^^^^^^^^^^^^^^^^^^^^^
  File "/usr/lib/python3.12/importlib/__init__.py", line 90, in import_module
    return _bootstrap._gcd_import(name[level:], package, level)
           ^^^^^^^^^^^^^^^^^^^^^^^^^^^^^^^^^^^^^^^^^^^^^^^^^^^^
  File "<frozen importlib._bootstrap>", line 1387, in _gcd_import
  File "<frozen importlib._bootstrap>", line 1360, in _find_and_load
  File "<frozen importlib._bootstrap>", line 1331, in _find_and_load_unlocked
  File "<frozen importlib._bootstrap>", line 935, in _load_unlocked
  File "<frozen importlib._bootstrap_external>", line 995, in exec_module
  File "<frozen importlib._bootstrap>", line 488, in _call_with_frames_removed
  File "/home/keith/python_projects/TafutaHao/landlords/urls.py", line 4, in <module>
    from . import views
  File "/home/keith/python_projects/TafutaHao/landlords/views.py", line 9, in <module>
    from .forms import PropertyForm
ModuleNotFoundError: No module named 'landlords.forms'
[ERROR] makemigrations failed.
=== DJFULL START === Sun Dec 14 05:24:56 PM EAT 2025
[1] makemigrations...
Traceback (most recent call last):
  File "/home/keith/python_projects/venv/lib/python3.12/site-packages/django/core/checks/urls.py", line 136, in check_custom_error_handlers
    handler = resolver.resolve_error_handler(status_code)
              ^^^^^^^^^^^^^^^^^^^^^^^^^^^^^^^^^^^^^^^^^^^
  File "/home/keith/python_projects/venv/lib/python3.12/site-packages/django/urls/resolvers.py", line 732, in resolve_error_handler
    callback = getattr(self.urlconf_module, "handler%s" % view_type, None)
                       ^^^^^^^^^^^^^^^^^^^
  File "/home/keith/python_projects/venv/lib/python3.12/site-packages/django/utils/functional.py", line 47, in __get__
    res = instance.__dict__[self.name] = self.func(instance)
                                         ^^^^^^^^^^^^^^^^^^^
  File "/home/keith/python_projects/venv/lib/python3.12/site-packages/django/urls/resolvers.py", line 711, in urlconf_module
    return import_module(self.urlconf_name)
           ^^^^^^^^^^^^^^^^^^^^^^^^^^^^^^^^
  File "/usr/lib/python3.12/importlib/__init__.py", line 90, in import_module
    return _bootstrap._gcd_import(name[level:], package, level)
           ^^^^^^^^^^^^^^^^^^^^^^^^^^^^^^^^^^^^^^^^^^^^^^^^^^^^
  File "<frozen importlib._bootstrap>", line 1387, in _gcd_import
  File "<frozen importlib._bootstrap>", line 1360, in _find_and_load
  File "<frozen importlib._bootstrap>", line 1331, in _find_and_load_unlocked
  File "<frozen importlib._bootstrap>", line 935, in _load_unlocked
  File "<frozen importlib._bootstrap_external>", line 995, in exec_module
  File "<frozen importlib._bootstrap>", line 488, in _call_with_frames_removed
  File "/home/keith/python_projects/TafutaHao/TafutaHao/urls.py", line 41, in <module>
    path('landlord/', include(('landlords.urls', 'landlords'), namespace = 'landlords')),
                      ^^^^^^^^^^^^^^^^^^^^^^^^^^^^^^^^^^^^^^^^^^^^^^^^^^^^^^^^^^^^^^^^^
  File "/home/keith/python_projects/venv/lib/python3.12/site-packages/django/urls/conf.py", line 39, in include
    urlconf_module = import_module(urlconf_module)
                     ^^^^^^^^^^^^^^^^^^^^^^^^^^^^^
  File "/usr/lib/python3.12/importlib/__init__.py", line 90, in import_module
    return _bootstrap._gcd_import(name[level:], package, level)
           ^^^^^^^^^^^^^^^^^^^^^^^^^^^^^^^^^^^^^^^^^^^^^^^^^^^^
  File "<frozen importlib._bootstrap>", line 1387, in _gcd_import
  File "<frozen importlib._bootstrap>", line 1360, in _find_and_load
  File "<frozen importlib._bootstrap>", line 1331, in _find_and_load_unlocked
  File "<frozen importlib._bootstrap>", line 935, in _load_unlocked
  File "<frozen importlib._bootstrap_external>", line 995, in exec_module
  File "<frozen importlib._bootstrap>", line 488, in _call_with_frames_removed
  File "/home/keith/python_projects/TafutaHao/landlords/urls.py", line 4, in <module>
    from . import views
  File "/home/keith/python_projects/TafutaHao/landlords/views.py", line 9, in <module>
    from .forms import PropertyForm
ModuleNotFoundError: No module named 'landlords.forms'

During handling of the above exception, another exception occurred:

Traceback (most recent call last):
  File "/home/keith/python_projects/TafutaHao/manage.py", line 22, in <module>
    main()
  File "/home/keith/python_projects/TafutaHao/manage.py", line 18, in main
    execute_from_command_line(sys.argv)
  File "/home/keith/python_projects/venv/lib/python3.12/site-packages/django/core/management/__init__.py", line 442, in execute_from_command_line
    utility.execute()
  File "/home/keith/python_projects/venv/lib/python3.12/site-packages/django/core/management/__init__.py", line 436, in execute
    self.fetch_command(subcommand).run_from_argv(self.argv)
  File "/home/keith/python_projects/venv/lib/python3.12/site-packages/django/core/management/base.py", line 416, in run_from_argv
    self.execute(*args, **cmd_options)
  File "/home/keith/python_projects/venv/lib/python3.12/site-packages/django/core/management/base.py", line 457, in execute
    self.check(**check_kwargs)
  File "/home/keith/python_projects/venv/lib/python3.12/site-packages/django/core/management/base.py", line 492, in check
    all_issues = checks.run_checks(
                 ^^^^^^^^^^^^^^^^^^
  File "/home/keith/python_projects/venv/lib/python3.12/site-packages/django/core/checks/registry.py", line 89, in run_checks
    new_errors = check(app_configs=app_configs, databases=databases)
                 ^^^^^^^^^^^^^^^^^^^^^^^^^^^^^^^^^^^^^^^^^^^^^^^^^^^
  File "/home/keith/python_projects/venv/lib/python3.12/site-packages/django/core/checks/urls.py", line 138, in check_custom_error_handlers
    path = getattr(resolver.urlconf_module, "handler%s" % status_code)
                   ^^^^^^^^^^^^^^^^^^^^^^^
  File "/home/keith/python_projects/venv/lib/python3.12/site-packages/django/utils/functional.py", line 47, in __get__
    res = instance.__dict__[self.name] = self.func(instance)
                                         ^^^^^^^^^^^^^^^^^^^
  File "/home/keith/python_projects/venv/lib/python3.12/site-packages/django/urls/resolvers.py", line 711, in urlconf_module
    return import_module(self.urlconf_name)
           ^^^^^^^^^^^^^^^^^^^^^^^^^^^^^^^^
  File "/usr/lib/python3.12/importlib/__init__.py", line 90, in import_module
    return _bootstrap._gcd_import(name[level:], package, level)
           ^^^^^^^^^^^^^^^^^^^^^^^^^^^^^^^^^^^^^^^^^^^^^^^^^^^^
  File "<frozen importlib._bootstrap>", line 1387, in _gcd_import
  File "<frozen importlib._bootstrap>", line 1360, in _find_and_load
  File "<frozen importlib._bootstrap>", line 1331, in _find_and_load_unlocked
  File "<frozen importlib._bootstrap>", line 935, in _load_unlocked
  File "<frozen importlib._bootstrap_external>", line 995, in exec_module
  File "<frozen importlib._bootstrap>", line 488, in _call_with_frames_removed
  File "/home/keith/python_projects/TafutaHao/TafutaHao/urls.py", line 41, in <module>
    path('landlord/', include(('landlords.urls', 'landlords'), namespace = 'landlords')),
                      ^^^^^^^^^^^^^^^^^^^^^^^^^^^^^^^^^^^^^^^^^^^^^^^^^^^^^^^^^^^^^^^^^
  File "/home/keith/python_projects/venv/lib/python3.12/site-packages/django/urls/conf.py", line 39, in include
    urlconf_module = import_module(urlconf_module)
                     ^^^^^^^^^^^^^^^^^^^^^^^^^^^^^
  File "/usr/lib/python3.12/importlib/__init__.py", line 90, in import_module
    return _bootstrap._gcd_import(name[level:], package, level)
           ^^^^^^^^^^^^^^^^^^^^^^^^^^^^^^^^^^^^^^^^^^^^^^^^^^^^
  File "<frozen importlib._bootstrap>", line 1387, in _gcd_import
  File "<frozen importlib._bootstrap>", line 1360, in _find_and_load
  File "<frozen importlib._bootstrap>", line 1331, in _find_and_load_unlocked
  File "<frozen importlib._bootstrap>", line 935, in _load_unlocked
  File "<frozen importlib._bootstrap_external>", line 995, in exec_module
  File "<frozen importlib._bootstrap>", line 488, in _call_with_frames_removed
  File "/home/keith/python_projects/TafutaHao/landlords/urls.py", line 4, in <module>
    from . import views
  File "/home/keith/python_projects/TafutaHao/landlords/views.py", line 9, in <module>
    from .forms import PropertyForm
ModuleNotFoundError: No module named 'landlords.forms'
[ERROR] makemigrations failed.
=== DJFULL START === Sun Dec 14 05:26:21 PM EAT 2025
[1] makemigrations...
Traceback (most recent call last):
  File "/home/keith/python_projects/TafutaHao/manage.py", line 22, in <module>
    main()
  File "/home/keith/python_projects/TafutaHao/manage.py", line 18, in main
    execute_from_command_line(sys.argv)
  File "/home/keith/python_projects/venv/lib/python3.12/site-packages/django/core/management/__init__.py", line 442, in execute_from_command_line
    utility.execute()
  File "/home/keith/python_projects/venv/lib/python3.12/site-packages/django/core/management/__init__.py", line 436, in execute
    self.fetch_command(subcommand).run_from_argv(self.argv)
  File "/home/keith/python_projects/venv/lib/python3.12/site-packages/django/core/management/base.py", line 416, in run_from_argv
    self.execute(*args, **cmd_options)
  File "/home/keith/python_projects/venv/lib/python3.12/site-packages/django/core/management/base.py", line 457, in execute
    self.check(**check_kwargs)
  File "/home/keith/python_projects/venv/lib/python3.12/site-packages/django/core/management/base.py", line 492, in check
    all_issues = checks.run_checks(
                 ^^^^^^^^^^^^^^^^^^
  File "/home/keith/python_projects/venv/lib/python3.12/site-packages/django/core/checks/registry.py", line 89, in run_checks
    new_errors = check(app_configs=app_configs, databases=databases)
                 ^^^^^^^^^^^^^^^^^^^^^^^^^^^^^^^^^^^^^^^^^^^^^^^^^^^
  File "/home/keith/python_projects/venv/lib/python3.12/site-packages/django/core/checks/urls.py", line 136, in check_custom_error_handlers
    handler = resolver.resolve_error_handler(status_code)
              ^^^^^^^^^^^^^^^^^^^^^^^^^^^^^^^^^^^^^^^^^^^
  File "/home/keith/python_projects/venv/lib/python3.12/site-packages/django/urls/resolvers.py", line 732, in resolve_error_handler
    callback = getattr(self.urlconf_module, "handler%s" % view_type, None)
                       ^^^^^^^^^^^^^^^^^^^
  File "/home/keith/python_projects/venv/lib/python3.12/site-packages/django/utils/functional.py", line 47, in __get__
    res = instance.__dict__[self.name] = self.func(instance)
                                         ^^^^^^^^^^^^^^^^^^^
  File "/home/keith/python_projects/venv/lib/python3.12/site-packages/django/urls/resolvers.py", line 711, in urlconf_module
    return import_module(self.urlconf_name)
           ^^^^^^^^^^^^^^^^^^^^^^^^^^^^^^^^
  File "/usr/lib/python3.12/importlib/__init__.py", line 90, in import_module
    return _bootstrap._gcd_import(name[level:], package, level)
           ^^^^^^^^^^^^^^^^^^^^^^^^^^^^^^^^^^^^^^^^^^^^^^^^^^^^
  File "<frozen importlib._bootstrap>", line 1387, in _gcd_import
  File "<frozen importlib._bootstrap>", line 1360, in _find_and_load
  File "<frozen importlib._bootstrap>", line 1331, in _find_and_load_unlocked
  File "<frozen importlib._bootstrap>", line 935, in _load_unlocked
  File "<frozen importlib._bootstrap_external>", line 995, in exec_module
  File "<frozen importlib._bootstrap>", line 488, in _call_with_frames_removed
  File "/home/keith/python_projects/TafutaHao/TafutaHao/urls.py", line 41, in <module>
    path('landlord/', include(('landlords.urls', 'landlords'), namespace = 'landlords')),
                      ^^^^^^^^^^^^^^^^^^^^^^^^^^^^^^^^^^^^^^^^^^^^^^^^^^^^^^^^^^^^^^^^^
  File "/home/keith/python_projects/venv/lib/python3.12/site-packages/django/urls/conf.py", line 39, in include
    urlconf_module = import_module(urlconf_module)
                     ^^^^^^^^^^^^^^^^^^^^^^^^^^^^^
  File "/usr/lib/python3.12/importlib/__init__.py", line 90, in import_module
    return _bootstrap._gcd_import(name[level:], package, level)
           ^^^^^^^^^^^^^^^^^^^^^^^^^^^^^^^^^^^^^^^^^^^^^^^^^^^^
  File "<frozen importlib._bootstrap>", line 1387, in _gcd_import
  File "<frozen importlib._bootstrap>", line 1360, in _find_and_load
  File "<frozen importlib._bootstrap>", line 1331, in _find_and_load_unlocked
  File "<frozen importlib._bootstrap>", line 935, in _load_unlocked
  File "<frozen importlib._bootstrap_external>", line 995, in exec_module
  File "<frozen importlib._bootstrap>", line 488, in _call_with_frames_removed
  File "/home/keith/python_projects/TafutaHao/landlords/urls.py", line 4, in <module>
    from . import views
  File "/home/keith/python_projects/TafutaHao/landlords/views.py", line 9, in <module>
    from .forms import PropertyForm
  File "/home/keith/python_projects/TafutaHao/landlords/forms.py", line 12, in <module>
    class PropertyForm(forms.ModelForm):
  File "/home/keith/python_projects/TafutaHao/landlords/forms.py", line 21, in PropertyForm
    widget=forms.ClearableFileInput(attrs={'multiple': True}),
           ^^^^^^^^^^^^^^^^^^^^^^^^^^^^^^^^^^^^^^^^^^^^^^^^^^
  File "/home/keith/python_projects/venv/lib/python3.12/site-packages/django/forms/widgets.py", line 491, in __init__
    raise ValueError(
ValueError: ClearableFileInput doesn't support uploading multiple files.
[ERROR] makemigrations failed.
=== DJFULL START === Sun Dec 14 05:27:21 PM EAT 2025
[1] makemigrations...
Traceback (most recent call last):
  File "/home/keith/python_projects/TafutaHao/manage.py", line 22, in <module>
    main()
  File "/home/keith/python_projects/TafutaHao/manage.py", line 18, in main
    execute_from_command_line(sys.argv)
  File "/home/keith/python_projects/venv/lib/python3.12/site-packages/django/core/management/__init__.py", line 442, in execute_from_command_line
    utility.execute()
  File "/home/keith/python_projects/venv/lib/python3.12/site-packages/django/core/management/__init__.py", line 436, in execute
    self.fetch_command(subcommand).run_from_argv(self.argv)
  File "/home/keith/python_projects/venv/lib/python3.12/site-packages/django/core/management/base.py", line 416, in run_from_argv
    self.execute(*args, **cmd_options)
  File "/home/keith/python_projects/venv/lib/python3.12/site-packages/django/core/management/base.py", line 457, in execute
    self.check(**check_kwargs)
  File "/home/keith/python_projects/venv/lib/python3.12/site-packages/django/core/management/base.py", line 492, in check
    all_issues = checks.run_checks(
                 ^^^^^^^^^^^^^^^^^^
  File "/home/keith/python_projects/venv/lib/python3.12/site-packages/django/core/checks/registry.py", line 89, in run_checks
    new_errors = check(app_configs=app_configs, databases=databases)
                 ^^^^^^^^^^^^^^^^^^^^^^^^^^^^^^^^^^^^^^^^^^^^^^^^^^^
  File "/home/keith/python_projects/venv/lib/python3.12/site-packages/django/core/checks/urls.py", line 136, in check_custom_error_handlers
    handler = resolver.resolve_error_handler(status_code)
              ^^^^^^^^^^^^^^^^^^^^^^^^^^^^^^^^^^^^^^^^^^^
  File "/home/keith/python_projects/venv/lib/python3.12/site-packages/django/urls/resolvers.py", line 732, in resolve_error_handler
    callback = getattr(self.urlconf_module, "handler%s" % view_type, None)
                       ^^^^^^^^^^^^^^^^^^^
  File "/home/keith/python_projects/venv/lib/python3.12/site-packages/django/utils/functional.py", line 47, in __get__
    res = instance.__dict__[self.name] = self.func(instance)
                                         ^^^^^^^^^^^^^^^^^^^
  File "/home/keith/python_projects/venv/lib/python3.12/site-packages/django/urls/resolvers.py", line 711, in urlconf_module
    return import_module(self.urlconf_name)
           ^^^^^^^^^^^^^^^^^^^^^^^^^^^^^^^^
  File "/usr/lib/python3.12/importlib/__init__.py", line 90, in import_module
    return _bootstrap._gcd_import(name[level:], package, level)
           ^^^^^^^^^^^^^^^^^^^^^^^^^^^^^^^^^^^^^^^^^^^^^^^^^^^^
  File "<frozen importlib._bootstrap>", line 1387, in _gcd_import
  File "<frozen importlib._bootstrap>", line 1360, in _find_and_load
  File "<frozen importlib._bootstrap>", line 1331, in _find_and_load_unlocked
  File "<frozen importlib._bootstrap>", line 935, in _load_unlocked
  File "<frozen importlib._bootstrap_external>", line 995, in exec_module
  File "<frozen importlib._bootstrap>", line 488, in _call_with_frames_removed
  File "/home/keith/python_projects/TafutaHao/TafutaHao/urls.py", line 41, in <module>
    path('landlord/', include(('landlords.urls', 'landlords'), namespace = 'landlords')),
                      ^^^^^^^^^^^^^^^^^^^^^^^^^^^^^^^^^^^^^^^^^^^^^^^^^^^^^^^^^^^^^^^^^
  File "/home/keith/python_projects/venv/lib/python3.12/site-packages/django/urls/conf.py", line 39, in include
    urlconf_module = import_module(urlconf_module)
                     ^^^^^^^^^^^^^^^^^^^^^^^^^^^^^
  File "/usr/lib/python3.12/importlib/__init__.py", line 90, in import_module
    return _bootstrap._gcd_import(name[level:], package, level)
           ^^^^^^^^^^^^^^^^^^^^^^^^^^^^^^^^^^^^^^^^^^^^^^^^^^^^
  File "<frozen importlib._bootstrap>", line 1387, in _gcd_import
  File "<frozen importlib._bootstrap>", line 1360, in _find_and_load
  File "<frozen importlib._bootstrap>", line 1331, in _find_and_load_unlocked
  File "<frozen importlib._bootstrap>", line 935, in _load_unlocked
  File "<frozen importlib._bootstrap_external>", line 995, in exec_module
  File "<frozen importlib._bootstrap>", line 488, in _call_with_frames_removed
  File "/home/keith/python_projects/TafutaHao/landlords/urls.py", line 4, in <module>
    from . import views
  File "/home/keith/python_projects/TafutaHao/landlords/views.py", line 9, in <module>
    from .forms import PropertyForm
  File "/home/keith/python_projects/TafutaHao/landlords/forms.py", line 12, in <module>
    class PropertyForm(forms.ModelForm):
  File "/home/keith/python_projects/TafutaHao/landlords/forms.py", line 21, in PropertyForm
    widget=forms.ClearableFileInput(attrs={'multiple': True}),
           ^^^^^^^^^^^^^^^^^^^^^^^^^^^^^^^^^^^^^^^^^^^^^^^^^^
  File "/home/keith/python_projects/venv/lib/python3.12/site-packages/django/forms/widgets.py", line 491, in __init__
    raise ValueError(
ValueError: ClearableFileInput doesn't support uploading multiple files.
[ERROR] makemigrations failed.
=== DJFULL START === Sun Dec 14 05:34:48 PM EAT 2025
[1] makemigrations...
Traceback (most recent call last):
  File "/home/keith/python_projects/TafutaHao/manage.py", line 22, in <module>
    main()
  File "/home/keith/python_projects/TafutaHao/manage.py", line 18, in main
    execute_from_command_line(sys.argv)
  File "/home/keith/python_projects/venv/lib/python3.12/site-packages/django/core/management/__init__.py", line 442, in execute_from_command_line
    utility.execute()
  File "/home/keith/python_projects/venv/lib/python3.12/site-packages/django/core/management/__init__.py", line 436, in execute
    self.fetch_command(subcommand).run_from_argv(self.argv)
  File "/home/keith/python_projects/venv/lib/python3.12/site-packages/django/core/management/base.py", line 416, in run_from_argv
    self.execute(*args, **cmd_options)
  File "/home/keith/python_projects/venv/lib/python3.12/site-packages/django/core/management/base.py", line 457, in execute
    self.check(**check_kwargs)
  File "/home/keith/python_projects/venv/lib/python3.12/site-packages/django/core/management/base.py", line 492, in check
    all_issues = checks.run_checks(
                 ^^^^^^^^^^^^^^^^^^
  File "/home/keith/python_projects/venv/lib/python3.12/site-packages/django/core/checks/registry.py", line 89, in run_checks
    new_errors = check(app_configs=app_configs, databases=databases)
                 ^^^^^^^^^^^^^^^^^^^^^^^^^^^^^^^^^^^^^^^^^^^^^^^^^^^
  File "/home/keith/python_projects/venv/lib/python3.12/site-packages/django/core/checks/urls.py", line 136, in check_custom_error_handlers
    handler = resolver.resolve_error_handler(status_code)
              ^^^^^^^^^^^^^^^^^^^^^^^^^^^^^^^^^^^^^^^^^^^
  File "/home/keith/python_projects/venv/lib/python3.12/site-packages/django/urls/resolvers.py", line 732, in resolve_error_handler
    callback = getattr(self.urlconf_module, "handler%s" % view_type, None)
                       ^^^^^^^^^^^^^^^^^^^
  File "/home/keith/python_projects/venv/lib/python3.12/site-packages/django/utils/functional.py", line 47, in __get__
    res = instance.__dict__[self.name] = self.func(instance)
                                         ^^^^^^^^^^^^^^^^^^^
  File "/home/keith/python_projects/venv/lib/python3.12/site-packages/django/urls/resolvers.py", line 711, in urlconf_module
    return import_module(self.urlconf_name)
           ^^^^^^^^^^^^^^^^^^^^^^^^^^^^^^^^
  File "/usr/lib/python3.12/importlib/__init__.py", line 90, in import_module
    return _bootstrap._gcd_import(name[level:], package, level)
           ^^^^^^^^^^^^^^^^^^^^^^^^^^^^^^^^^^^^^^^^^^^^^^^^^^^^
  File "<frozen importlib._bootstrap>", line 1387, in _gcd_import
  File "<frozen importlib._bootstrap>", line 1360, in _find_and_load
  File "<frozen importlib._bootstrap>", line 1331, in _find_and_load_unlocked
  File "<frozen importlib._bootstrap>", line 935, in _load_unlocked
  File "<frozen importlib._bootstrap_external>", line 995, in exec_module
  File "<frozen importlib._bootstrap>", line 488, in _call_with_frames_removed
  File "/home/keith/python_projects/TafutaHao/TafutaHao/urls.py", line 41, in <module>
    path('landlord/', include(('landlords.urls', 'landlords'), namespace = 'landlords')),
                      ^^^^^^^^^^^^^^^^^^^^^^^^^^^^^^^^^^^^^^^^^^^^^^^^^^^^^^^^^^^^^^^^^
  File "/home/keith/python_projects/venv/lib/python3.12/site-packages/django/urls/conf.py", line 39, in include
    urlconf_module = import_module(urlconf_module)
                     ^^^^^^^^^^^^^^^^^^^^^^^^^^^^^
  File "/usr/lib/python3.12/importlib/__init__.py", line 90, in import_module
    return _bootstrap._gcd_import(name[level:], package, level)
           ^^^^^^^^^^^^^^^^^^^^^^^^^^^^^^^^^^^^^^^^^^^^^^^^^^^^
  File "<frozen importlib._bootstrap>", line 1387, in _gcd_import
  File "<frozen importlib._bootstrap>", line 1360, in _find_and_load
  File "<frozen importlib._bootstrap>", line 1331, in _find_and_load_unlocked
  File "<frozen importlib._bootstrap>", line 935, in _load_unlocked
  File "<frozen importlib._bootstrap_external>", line 995, in exec_module
  File "<frozen importlib._bootstrap>", line 488, in _call_with_frames_removed
  File "/home/keith/python_projects/TafutaHao/landlords/urls.py", line 4, in <module>
    from . import views
  File "/home/keith/python_projects/TafutaHao/landlords/views.py", line 9, in <module>
    from .forms import PropertyForm
  File "/home/keith/python_projects/TafutaHao/landlords/forms.py", line 12, in <module>
    class PropertyForm(forms.ModelForm):
  File "/home/keith/python_projects/TafutaHao/landlords/forms.py", line 21, in PropertyForm
    widget=forms.ClearableFileInput(attrs={'multiple': True}),
           ^^^^^^^^^^^^^^^^^^^^^^^^^^^^^^^^^^^^^^^^^^^^^^^^^^
  File "/home/keith/python_projects/venv/lib/python3.12/site-packages/django/forms/widgets.py", line 491, in __init__
    raise ValueError(
ValueError: ClearableFileInput doesn't support uploading multiple files.
[ERROR] makemigrations failed.
=== DJFULL START === Sun Dec 14 06:04:55 PM EAT 2025
[1] makemigrations...
Traceback (most recent call last):
  File "/home/keith/python_projects/TafutaHao/manage.py", line 22, in <module>
    main()
  File "/home/keith/python_projects/TafutaHao/manage.py", line 18, in main
    execute_from_command_line(sys.argv)
  File "/home/keith/python_projects/venv/lib/python3.12/site-packages/django/core/management/__init__.py", line 442, in execute_from_command_line
    utility.execute()
  File "/home/keith/python_projects/venv/lib/python3.12/site-packages/django/core/management/__init__.py", line 436, in execute
    self.fetch_command(subcommand).run_from_argv(self.argv)
  File "/home/keith/python_projects/venv/lib/python3.12/site-packages/django/core/management/base.py", line 416, in run_from_argv
    self.execute(*args, **cmd_options)
  File "/home/keith/python_projects/venv/lib/python3.12/site-packages/django/core/management/base.py", line 457, in execute
    self.check(**check_kwargs)
  File "/home/keith/python_projects/venv/lib/python3.12/site-packages/django/core/management/base.py", line 492, in check
    all_issues = checks.run_checks(
                 ^^^^^^^^^^^^^^^^^^
  File "/home/keith/python_projects/venv/lib/python3.12/site-packages/django/core/checks/registry.py", line 89, in run_checks
    new_errors = check(app_configs=app_configs, databases=databases)
                 ^^^^^^^^^^^^^^^^^^^^^^^^^^^^^^^^^^^^^^^^^^^^^^^^^^^
  File "/home/keith/python_projects/venv/lib/python3.12/site-packages/django/core/checks/urls.py", line 136, in check_custom_error_handlers
    handler = resolver.resolve_error_handler(status_code)
              ^^^^^^^^^^^^^^^^^^^^^^^^^^^^^^^^^^^^^^^^^^^
  File "/home/keith/python_projects/venv/lib/python3.12/site-packages/django/urls/resolvers.py", line 732, in resolve_error_handler
    callback = getattr(self.urlconf_module, "handler%s" % view_type, None)
                       ^^^^^^^^^^^^^^^^^^^
  File "/home/keith/python_projects/venv/lib/python3.12/site-packages/django/utils/functional.py", line 47, in __get__
    res = instance.__dict__[self.name] = self.func(instance)
                                         ^^^^^^^^^^^^^^^^^^^
  File "/home/keith/python_projects/venv/lib/python3.12/site-packages/django/urls/resolvers.py", line 711, in urlconf_module
    return import_module(self.urlconf_name)
           ^^^^^^^^^^^^^^^^^^^^^^^^^^^^^^^^
  File "/usr/lib/python3.12/importlib/__init__.py", line 90, in import_module
    return _bootstrap._gcd_import(name[level:], package, level)
           ^^^^^^^^^^^^^^^^^^^^^^^^^^^^^^^^^^^^^^^^^^^^^^^^^^^^
  File "<frozen importlib._bootstrap>", line 1387, in _gcd_import
  File "<frozen importlib._bootstrap>", line 1360, in _find_and_load
  File "<frozen importlib._bootstrap>", line 1331, in _find_and_load_unlocked
  File "<frozen importlib._bootstrap>", line 935, in _load_unlocked
  File "<frozen importlib._bootstrap_external>", line 995, in exec_module
  File "<frozen importlib._bootstrap>", line 488, in _call_with_frames_removed
  File "/home/keith/python_projects/TafutaHao/TafutaHao/urls.py", line 41, in <module>
    path('landlord/', include(('landlords.urls', 'landlords'), namespace = 'landlords')),
                      ^^^^^^^^^^^^^^^^^^^^^^^^^^^^^^^^^^^^^^^^^^^^^^^^^^^^^^^^^^^^^^^^^
  File "/home/keith/python_projects/venv/lib/python3.12/site-packages/django/urls/conf.py", line 39, in include
    urlconf_module = import_module(urlconf_module)
                     ^^^^^^^^^^^^^^^^^^^^^^^^^^^^^
  File "/usr/lib/python3.12/importlib/__init__.py", line 90, in import_module
    return _bootstrap._gcd_import(name[level:], package, level)
           ^^^^^^^^^^^^^^^^^^^^^^^^^^^^^^^^^^^^^^^^^^^^^^^^^^^^
  File "<frozen importlib._bootstrap>", line 1387, in _gcd_import
  File "<frozen importlib._bootstrap>", line 1360, in _find_and_load
  File "<frozen importlib._bootstrap>", line 1331, in _find_and_load_unlocked
  File "<frozen importlib._bootstrap>", line 935, in _load_unlocked
  File "<frozen importlib._bootstrap_external>", line 995, in exec_module
  File "<frozen importlib._bootstrap>", line 488, in _call_with_frames_removed
  File "/home/keith/python_projects/TafutaHao/landlords/urls.py", line 4, in <module>
    from . import views
  File "/home/keith/python_projects/TafutaHao/landlords/views.py", line 9, in <module>
    from .forms import PropertyForm
  File "/home/keith/python_projects/TafutaHao/landlords/forms.py", line 12, in <module>
    class PropertyForm(forms.ModelForm):
  File "/home/keith/python_projects/TafutaHao/landlords/forms.py", line 21, in PropertyForm
    widget=forms.ClearableFileInput(attrs={'multiple': True}),
           ^^^^^^^^^^^^^^^^^^^^^^^^^^^^^^^^^^^^^^^^^^^^^^^^^^
  File "/home/keith/python_projects/venv/lib/python3.12/site-packages/django/forms/widgets.py", line 491, in __init__
    raise ValueError(
ValueError: ClearableFileInput doesn't support uploading multiple files.
[ERROR] makemigrations failed.
=== DJFULL START === Sun Dec 14 10:30:21 PM EAT 2025
[1] makemigrations...
Traceback (most recent call last):
  File "/home/keith/python_projects/TafutaHao/manage.py", line 22, in <module>
    main()
  File "/home/keith/python_projects/TafutaHao/manage.py", line 18, in main
    execute_from_command_line(sys.argv)
  File "/home/keith/python_projects/venv/lib/python3.12/site-packages/django/core/management/__init__.py", line 442, in execute_from_command_line
    utility.execute()
  File "/home/keith/python_projects/venv/lib/python3.12/site-packages/django/core/management/__init__.py", line 436, in execute
    self.fetch_command(subcommand).run_from_argv(self.argv)
  File "/home/keith/python_projects/venv/lib/python3.12/site-packages/django/core/management/base.py", line 416, in run_from_argv
    self.execute(*args, **cmd_options)
  File "/home/keith/python_projects/venv/lib/python3.12/site-packages/django/core/management/base.py", line 457, in execute
    self.check(**check_kwargs)
  File "/home/keith/python_projects/venv/lib/python3.12/site-packages/django/core/management/base.py", line 492, in check
    all_issues = checks.run_checks(
                 ^^^^^^^^^^^^^^^^^^
  File "/home/keith/python_projects/venv/lib/python3.12/site-packages/django/core/checks/registry.py", line 89, in run_checks
    new_errors = check(app_configs=app_configs, databases=databases)
                 ^^^^^^^^^^^^^^^^^^^^^^^^^^^^^^^^^^^^^^^^^^^^^^^^^^^
  File "/home/keith/python_projects/venv/lib/python3.12/site-packages/django/core/checks/urls.py", line 136, in check_custom_error_handlers
    handler = resolver.resolve_error_handler(status_code)
              ^^^^^^^^^^^^^^^^^^^^^^^^^^^^^^^^^^^^^^^^^^^
  File "/home/keith/python_projects/venv/lib/python3.12/site-packages/django/urls/resolvers.py", line 732, in resolve_error_handler
    callback = getattr(self.urlconf_module, "handler%s" % view_type, None)
                       ^^^^^^^^^^^^^^^^^^^
  File "/home/keith/python_projects/venv/lib/python3.12/site-packages/django/utils/functional.py", line 47, in __get__
    res = instance.__dict__[self.name] = self.func(instance)
                                         ^^^^^^^^^^^^^^^^^^^
  File "/home/keith/python_projects/venv/lib/python3.12/site-packages/django/urls/resolvers.py", line 711, in urlconf_module
    return import_module(self.urlconf_name)
           ^^^^^^^^^^^^^^^^^^^^^^^^^^^^^^^^
  File "/usr/lib/python3.12/importlib/__init__.py", line 90, in import_module
    return _bootstrap._gcd_import(name[level:], package, level)
           ^^^^^^^^^^^^^^^^^^^^^^^^^^^^^^^^^^^^^^^^^^^^^^^^^^^^
  File "<frozen importlib._bootstrap>", line 1387, in _gcd_import
  File "<frozen importlib._bootstrap>", line 1360, in _find_and_load
  File "<frozen importlib._bootstrap>", line 1331, in _find_and_load_unlocked
  File "<frozen importlib._bootstrap>", line 935, in _load_unlocked
  File "<frozen importlib._bootstrap_external>", line 995, in exec_module
  File "<frozen importlib._bootstrap>", line 488, in _call_with_frames_removed
  File "/home/keith/python_projects/TafutaHao/TafutaHao/urls.py", line 41, in <module>
    path('landlord/', include(('landlords.urls', 'landlords'), namespace = 'landlords')),
                      ^^^^^^^^^^^^^^^^^^^^^^^^^^^^^^^^^^^^^^^^^^^^^^^^^^^^^^^^^^^^^^^^^
  File "/home/keith/python_projects/venv/lib/python3.12/site-packages/django/urls/conf.py", line 39, in include
    urlconf_module = import_module(urlconf_module)
                     ^^^^^^^^^^^^^^^^^^^^^^^^^^^^^
  File "/usr/lib/python3.12/importlib/__init__.py", line 90, in import_module
    return _bootstrap._gcd_import(name[level:], package, level)
           ^^^^^^^^^^^^^^^^^^^^^^^^^^^^^^^^^^^^^^^^^^^^^^^^^^^^
  File "<frozen importlib._bootstrap>", line 1387, in _gcd_import
  File "<frozen importlib._bootstrap>", line 1360, in _find_and_load
  File "<frozen importlib._bootstrap>", line 1331, in _find_and_load_unlocked
  File "<frozen importlib._bootstrap>", line 935, in _load_unlocked
  File "<frozen importlib._bootstrap_external>", line 995, in exec_module
  File "<frozen importlib._bootstrap>", line 488, in _call_with_frames_removed
  File "/home/keith/python_projects/TafutaHao/landlords/urls.py", line 4, in <module>
    from . import views
  File "/home/keith/python_projects/TafutaHao/landlords/views.py", line 9, in <module>
    from .forms import PropertyForm
  File "/home/keith/python_projects/TafutaHao/landlords/forms.py", line 12, in <module>
    class PropertyForm(forms.ModelForm):
  File "/home/keith/python_projects/TafutaHao/landlords/forms.py", line 21, in PropertyForm
    widget=forms.ClearableFileInput(attrs={'multiple': True}),
           ^^^^^^^^^^^^^^^^^^^^^^^^^^^^^^^^^^^^^^^^^^^^^^^^^^
  File "/home/keith/python_projects/venv/lib/python3.12/site-packages/django/forms/widgets.py", line 491, in __init__
    raise ValueError(
ValueError: ClearableFileInput doesn't support uploading multiple files.
[ERROR] makemigrations failed.
=== DJFULL START === Sun Dec 14 10:34:56 PM EAT 2025
[1] makemigrations...
Migrations for 'accounts':
  accounts/migrations/0001_initial.py
    + Create model CustomUser
Migrations for 'landlords':
  landlords/migrations/0001_initial.py
    + Create model LandlordProfile
Migrations for 'properties':
  properties/migrations/0001_initial.py
    + Create model Property
    + Create model PropertyImage
Migrations for 'tenants':
  tenants/migrations/0001_initial.py
    + Create model TenantProfile
    + Create model FavoriteProperty
[2] migrate...
Traceback (most recent call last):
  File "/home/keith/python_projects/TafutaHao/manage.py", line 22, in <module>
    main()
  File "/home/keith/python_projects/TafutaHao/manage.py", line 18, in main
    execute_from_command_line(sys.argv)
  File "/home/keith/python_projects/venv/lib/python3.12/site-packages/django/core/management/__init__.py", line 442, in execute_from_command_line
    utility.execute()
  File "/home/keith/python_projects/venv/lib/python3.12/site-packages/django/core/management/__init__.py", line 436, in execute
    self.fetch_command(subcommand).run_from_argv(self.argv)
  File "/home/keith/python_projects/venv/lib/python3.12/site-packages/django/core/management/base.py", line 416, in run_from_argv
    self.execute(*args, **cmd_options)
  File "/home/keith/python_projects/venv/lib/python3.12/site-packages/django/core/management/base.py", line 460, in execute
    output = self.handle(*args, **options)
             ^^^^^^^^^^^^^^^^^^^^^^^^^^^^^
  File "/home/keith/python_projects/venv/lib/python3.12/site-packages/django/core/management/base.py", line 107, in wrapper
    res = handle_func(*args, **kwargs)
          ^^^^^^^^^^^^^^^^^^^^^^^^^^^^
  File "/home/keith/python_projects/venv/lib/python3.12/site-packages/django/core/management/commands/migrate.py", line 117, in handle
    executor.loader.check_consistent_history(connection)
  File "/home/keith/python_projects/venv/lib/python3.12/site-packages/django/db/migrations/loader.py", line 327, in check_consistent_history
    raise InconsistentMigrationHistory(
django.db.migrations.exceptions.InconsistentMigrationHistory: Migration admin.0001_initial is applied before its dependency accounts.0001_initial on database 'default'.
[ERROR] migrate failed.
=== DJFULL START === Sun Dec 14 10:38:57 PM EAT 2025
[1] makemigrations...
Traceback (most recent call last):
  File "/home/keith/python_projects/TafutaHao/manage.py", line 22, in <module>
    main()
  File "/home/keith/python_projects/TafutaHao/manage.py", line 18, in main
    execute_from_command_line(sys.argv)
  File "/home/keith/python_projects/venv/lib/python3.12/site-packages/django/core/management/__init__.py", line 442, in execute_from_command_line
    utility.execute()
  File "/home/keith/python_projects/venv/lib/python3.12/site-packages/django/core/management/__init__.py", line 436, in execute
    self.fetch_command(subcommand).run_from_argv(self.argv)
  File "/home/keith/python_projects/venv/lib/python3.12/site-packages/django/core/management/base.py", line 416, in run_from_argv
    self.execute(*args, **cmd_options)
  File "/home/keith/python_projects/venv/lib/python3.12/site-packages/django/core/management/base.py", line 460, in execute
    output = self.handle(*args, **options)
             ^^^^^^^^^^^^^^^^^^^^^^^^^^^^^
  File "/home/keith/python_projects/venv/lib/python3.12/site-packages/django/core/management/base.py", line 107, in wrapper
    res = handle_func(*args, **kwargs)
          ^^^^^^^^^^^^^^^^^^^^^^^^^^^^
  File "/home/keith/python_projects/venv/lib/python3.12/site-packages/django/core/management/commands/makemigrations.py", line 159, in handle
    loader.check_consistent_history(connection)
  File "/home/keith/python_projects/venv/lib/python3.12/site-packages/django/db/migrations/loader.py", line 327, in check_consistent_history
    raise InconsistentMigrationHistory(
django.db.migrations.exceptions.InconsistentMigrationHistory: Migration admin.0001_initial is applied before its dependency accounts.0001_initial on database 'default'.
[ERROR] makemigrations failed.
=== DJFULL START === Sun Dec 14 10:41:06 PM EAT 2025
[1] makemigrations...
Migrations for 'accounts':
  accounts/migrations/0001_initial.py
    + Create model CustomUser
Migrations for 'landlords':
  landlords/migrations/0001_initial.py
    + Create model LandlordProfile
Migrations for 'properties':
  properties/migrations/0001_initial.py
    + Create model Property
    + Create model PropertyImage
Migrations for 'tenants':
  tenants/migrations/0001_initial.py
    + Create model TenantProfile
    + Create model FavoriteProperty
[2] migrate...
Traceback (most recent call last):
  File "/home/keith/python_projects/TafutaHao/manage.py", line 22, in <module>
    main()
  File "/home/keith/python_projects/TafutaHao/manage.py", line 18, in main
    execute_from_command_line(sys.argv)
  File "/home/keith/python_projects/venv/lib/python3.12/site-packages/django/core/management/__init__.py", line 442, in execute_from_command_line
    utility.execute()
  File "/home/keith/python_projects/venv/lib/python3.12/site-packages/django/core/management/__init__.py", line 436, in execute
    self.fetch_command(subcommand).run_from_argv(self.argv)
  File "/home/keith/python_projects/venv/lib/python3.12/site-packages/django/core/management/base.py", line 416, in run_from_argv
    self.execute(*args, **cmd_options)
  File "/home/keith/python_projects/venv/lib/python3.12/site-packages/django/core/management/base.py", line 460, in execute
    output = self.handle(*args, **options)
             ^^^^^^^^^^^^^^^^^^^^^^^^^^^^^
  File "/home/keith/python_projects/venv/lib/python3.12/site-packages/django/core/management/base.py", line 107, in wrapper
    res = handle_func(*args, **kwargs)
          ^^^^^^^^^^^^^^^^^^^^^^^^^^^^
  File "/home/keith/python_projects/venv/lib/python3.12/site-packages/django/core/management/commands/migrate.py", line 117, in handle
    executor.loader.check_consistent_history(connection)
  File "/home/keith/python_projects/venv/lib/python3.12/site-packages/django/db/migrations/loader.py", line 327, in check_consistent_history
    raise InconsistentMigrationHistory(
django.db.migrations.exceptions.InconsistentMigrationHistory: Migration admin.0001_initial is applied before its dependency accounts.0001_initial on database 'default'.
[ERROR] migrate failed.
=== DJFULL START === Sun Dec 14 10:42:50 PM EAT 2025
[1] makemigrations...
Migrations for 'accounts':
  accounts/migrations/0001_initial.py
    + Create model CustomUser
Migrations for 'landlords':
  landlords/migrations/0001_initial.py
    + Create model LandlordProfile
Migrations for 'properties':
  properties/migrations/0001_initial.py
    + Create model Property
    + Create model PropertyImage
Migrations for 'tenants':
  tenants/migrations/0001_initial.py
    + Create model TenantProfile
    + Create model FavoriteProperty
[2] migrate...
Operations to perform:
  Apply all migrations: accounts, admin, auth, contenttypes, landlords, properties, sessions, tenants
Running migrations:
  Applying contenttypes.0001_initial... OK
  Applying contenttypes.0002_remove_content_type_name... OK
  Applying auth.0001_initial... OK
  Applying auth.0002_alter_permission_name_max_length... OK
  Applying auth.0003_alter_user_email_max_length... OK
  Applying auth.0004_alter_user_username_opts... OK
  Applying auth.0005_alter_user_last_login_null... OK
  Applying auth.0006_require_contenttypes_0002... OK
  Applying auth.0007_alter_validators_add_error_messages... OK
  Applying auth.0008_alter_user_username_max_length... OK
  Applying auth.0009_alter_user_last_name_max_length... OK
  Applying auth.0010_alter_group_name_max_length... OK
  Applying auth.0011_update_proxy_permissions... OK
  Applying auth.0012_alter_user_first_name_max_length... OK
  Applying accounts.0001_initial... OK
  Applying admin.0001_initial... OK
  Applying admin.0002_logentry_remove_auto_add... OK
  Applying admin.0003_logentry_add_action_flag_choices... OK
  Applying landlords.0001_initial... OK
  Applying properties.0001_initial... OK
  Applying sessions.0001_initial... OK
  Applying tenants.0001_initial... OK
=== DJFULL START === Mon Dec 15 03:19:20 PM EAT 2025
[1] makemigrations...
No changes detected
[2] migrate...
Operations to perform:
  Apply all migrations: accounts, admin, auth, contenttypes, landlords, properties, sessions, tenants
Running migrations:
  No migrations to apply.
=== DJFULL START === Mon Dec 15 03:19:53 PM EAT 2025
[1] makemigrations...
No changes detected
[2] migrate...
Operations to perform:
  Apply all migrations: accounts, admin, auth, contenttypes, landlords, properties, sessions, tenants
Running migrations:
  No migrations to apply.
=== DJFULL START === Mon Dec 15 03:54:37 PM EAT 2025
[1] makemigrations...
No changes detected
[2] migrate...
Operations to perform:
  Apply all migrations: accounts, admin, auth, contenttypes, landlords, properties, sessions, tenants
Running migrations:
  No migrations to apply.
=== DJFULL START === Tue Dec 16 04:50:09 PM EAT 2025
[1] makemigrations...
Migrations for 'landlords':
  landlords/migrations/0002_landlordfavoriteproperty.py
    + Create model LandlordFavoriteProperty
[2] migrate...
Operations to perform:
  Apply all migrations: accounts, admin, auth, contenttypes, landlords, properties, sessions, tenants
Running migrations:
  Applying landlords.0002_landlordfavoriteproperty... OK
=== DJFULL START === Tue Dec 16 04:54:56 PM EAT 2025
[1] makemigrations...
No changes detected
[2] migrate...
Operations to perform:
  Apply all migrations: accounts, admin, auth, contenttypes, landlords, properties, sessions, tenants
Running migrations:
  No migrations to apply.
=== DJFULL START === Tue Dec 16 05:03:43 PM EAT 2025
[1] makemigrations...
No changes detected
[2] migrate...
Operations to perform:
  Apply all migrations: accounts, admin, auth, contenttypes, landlords, properties, sessions, tenants
Running migrations:
  No migrations to apply.
=== DJFULL START === Wed Dec 17 04:05:43 PM EAT 2025
[1] makemigrations...
No changes detected
[2] migrate...
Operations to perform:
  Apply all migrations: accounts, admin, auth, contenttypes, landlords, properties, sessions, tenants
Running migrations:
  No migrations to apply.
=== DJFULL START === Wed Dec 17 04:51:43 PM EAT 2025
[1] makemigrations...
/home/keith/python_projects/venv/lib/python3.12/site-packages/django/core/management/commands/makemigrations.py:161: RuntimeWarning: Got an error checking a consistent migration history performed for database connection 'default': (1049, "Unknown database 'TafutaHao_db'")
  warnings.warn(
Migrations for 'accounts':
  accounts/migrations/0001_initial.py
    + Create model CustomUser
Migrations for 'landlords':
  landlords/migrations/0001_initial.py
    + Create model LandlordFavoriteProperty
    + Create model LandlordProfile
  landlords/migrations/0002_initial.py
    + Add field property to landlordfavoriteproperty
    + Add field user to landlordprofile
    + Add field landlord to landlordfavoriteproperty
    ~ Alter unique_together for landlordfavoriteproperty (1 constraint(s))
Migrations for 'properties':
  properties/migrations/0001_initial.py
    + Create model Property
    + Create model PropertyImage
Migrations for 'tenants':
  tenants/migrations/0001_initial.py
    + Create model TenantProfile
    + Create model FavoriteProperty
[2] migrate...
Traceback (most recent call last):
  File "/home/keith/python_projects/venv/lib/python3.12/site-packages/django/db/backends/base/base.py", line 279, in ensure_connection
    self.connect()
  File "/home/keith/python_projects/venv/lib/python3.12/site-packages/django/utils/asyncio.py", line 26, in inner
    return func(*args, **kwargs)
           ^^^^^^^^^^^^^^^^^^^^^
  File "/home/keith/python_projects/venv/lib/python3.12/site-packages/django/db/backends/base/base.py", line 256, in connect
    self.connection = self.get_new_connection(conn_params)
                      ^^^^^^^^^^^^^^^^^^^^^^^^^^^^^^^^^^^^
  File "/home/keith/python_projects/venv/lib/python3.12/site-packages/django/utils/asyncio.py", line 26, in inner
    return func(*args, **kwargs)
           ^^^^^^^^^^^^^^^^^^^^^
  File "/home/keith/python_projects/venv/lib/python3.12/site-packages/django/db/backends/mysql/base.py", line 256, in get_new_connection
    connection = Database.connect(**conn_params)
                 ^^^^^^^^^^^^^^^^^^^^^^^^^^^^^^^
  File "/home/keith/python_projects/venv/lib/python3.12/site-packages/MySQLdb/__init__.py", line 121, in Connect
    return Connection(*args, **kwargs)
           ^^^^^^^^^^^^^^^^^^^^^^^^^^^
  File "/home/keith/python_projects/venv/lib/python3.12/site-packages/MySQLdb/connections.py", line 200, in __init__
    super().__init__(*args, **kwargs2)
MySQLdb.OperationalError: (1049, "Unknown database 'TafutaHao_db'")

The above exception was the direct cause of the following exception:

Traceback (most recent call last):
  File "/home/keith/python_projects/TafutaHao/manage.py", line 22, in <module>
    main()
  File "/home/keith/python_projects/TafutaHao/manage.py", line 18, in main
    execute_from_command_line(sys.argv)
  File "/home/keith/python_projects/venv/lib/python3.12/site-packages/django/core/management/__init__.py", line 442, in execute_from_command_line
    utility.execute()
  File "/home/keith/python_projects/venv/lib/python3.12/site-packages/django/core/management/__init__.py", line 436, in execute
    self.fetch_command(subcommand).run_from_argv(self.argv)
  File "/home/keith/python_projects/venv/lib/python3.12/site-packages/django/core/management/base.py", line 416, in run_from_argv
    self.execute(*args, **cmd_options)
  File "/home/keith/python_projects/venv/lib/python3.12/site-packages/django/core/management/base.py", line 457, in execute
    self.check(**check_kwargs)
  File "/home/keith/python_projects/venv/lib/python3.12/site-packages/django/core/management/base.py", line 492, in check
    all_issues = checks.run_checks(
                 ^^^^^^^^^^^^^^^^^^
  File "/home/keith/python_projects/venv/lib/python3.12/site-packages/django/core/checks/registry.py", line 89, in run_checks
    new_errors = check(app_configs=app_configs, databases=databases)
                 ^^^^^^^^^^^^^^^^^^^^^^^^^^^^^^^^^^^^^^^^^^^^^^^^^^^
  File "/home/keith/python_projects/venv/lib/python3.12/site-packages/django/core/checks/database.py", line 13, in check_database_backends
    issues.extend(conn.validation.check(**kwargs))
                  ^^^^^^^^^^^^^^^^^^^^^^^^^^^^^^^
  File "/home/keith/python_projects/venv/lib/python3.12/site-packages/django/db/backends/mysql/validation.py", line 9, in check
    issues.extend(self._check_sql_mode(**kwargs))
                  ^^^^^^^^^^^^^^^^^^^^^^^^^^^^^^
  File "/home/keith/python_projects/venv/lib/python3.12/site-packages/django/db/backends/mysql/validation.py", line 14, in _check_sql_mode
    self.connection.sql_mode & {"STRICT_TRANS_TABLES", "STRICT_ALL_TABLES"}
    ^^^^^^^^^^^^^^^^^^^^^^^^
  File "/home/keith/python_projects/venv/lib/python3.12/site-packages/django/utils/functional.py", line 47, in __get__
    res = instance.__dict__[self.name] = self.func(instance)
                                         ^^^^^^^^^^^^^^^^^^^
  File "/home/keith/python_projects/venv/lib/python3.12/site-packages/django/db/backends/mysql/base.py", line 448, in sql_mode
    sql_mode = self.mysql_server_data["sql_mode"]
               ^^^^^^^^^^^^^^^^^^^^^^
  File "/home/keith/python_projects/venv/lib/python3.12/site-packages/django/utils/functional.py", line 47, in __get__
    res = instance.__dict__[self.name] = self.func(instance)
                                         ^^^^^^^^^^^^^^^^^^^
  File "/home/keith/python_projects/venv/lib/python3.12/site-packages/django/db/backends/mysql/base.py", line 404, in mysql_server_data
    with self.temporary_connection() as cursor:
  File "/usr/lib/python3.12/contextlib.py", line 137, in __enter__
    return next(self.gen)
           ^^^^^^^^^^^^^^
  File "/home/keith/python_projects/venv/lib/python3.12/site-packages/django/db/backends/base/base.py", line 695, in temporary_connection
    with self.cursor() as cursor:
         ^^^^^^^^^^^^^
  File "/home/keith/python_projects/venv/lib/python3.12/site-packages/django/utils/asyncio.py", line 26, in inner
    return func(*args, **kwargs)
           ^^^^^^^^^^^^^^^^^^^^^
  File "/home/keith/python_projects/venv/lib/python3.12/site-packages/django/db/backends/base/base.py", line 320, in cursor
    return self._cursor()
           ^^^^^^^^^^^^^^
  File "/home/keith/python_projects/venv/lib/python3.12/site-packages/django/db/backends/base/base.py", line 296, in _cursor
    self.ensure_connection()
  File "/home/keith/python_projects/venv/lib/python3.12/site-packages/django/utils/asyncio.py", line 26, in inner
    return func(*args, **kwargs)
           ^^^^^^^^^^^^^^^^^^^^^
  File "/home/keith/python_projects/venv/lib/python3.12/site-packages/django/db/backends/base/base.py", line 278, in ensure_connection
    with self.wrap_database_errors:
  File "/home/keith/python_projects/venv/lib/python3.12/site-packages/django/db/utils.py", line 91, in __exit__
    raise dj_exc_value.with_traceback(traceback) from exc_value
  File "/home/keith/python_projects/venv/lib/python3.12/site-packages/django/db/backends/base/base.py", line 279, in ensure_connection
    self.connect()
  File "/home/keith/python_projects/venv/lib/python3.12/site-packages/django/utils/asyncio.py", line 26, in inner
    return func(*args, **kwargs)
           ^^^^^^^^^^^^^^^^^^^^^
  File "/home/keith/python_projects/venv/lib/python3.12/site-packages/django/db/backends/base/base.py", line 256, in connect
    self.connection = self.get_new_connection(conn_params)
                      ^^^^^^^^^^^^^^^^^^^^^^^^^^^^^^^^^^^^
  File "/home/keith/python_projects/venv/lib/python3.12/site-packages/django/utils/asyncio.py", line 26, in inner
    return func(*args, **kwargs)
           ^^^^^^^^^^^^^^^^^^^^^
  File "/home/keith/python_projects/venv/lib/python3.12/site-packages/django/db/backends/mysql/base.py", line 256, in get_new_connection
    connection = Database.connect(**conn_params)
                 ^^^^^^^^^^^^^^^^^^^^^^^^^^^^^^^
  File "/home/keith/python_projects/venv/lib/python3.12/site-packages/MySQLdb/__init__.py", line 121, in Connect
    return Connection(*args, **kwargs)
           ^^^^^^^^^^^^^^^^^^^^^^^^^^^
  File "/home/keith/python_projects/venv/lib/python3.12/site-packages/MySQLdb/connections.py", line 200, in __init__
    super().__init__(*args, **kwargs2)
django.db.utils.OperationalError: (1049, "Unknown database 'TafutaHao_db'")
[ERROR] migrate failed.
=== DJFULL START === Wed Dec 17 04:52:38 PM EAT 2025
[1] makemigrations...
No changes detected
[2] migrate...
Operations to perform:
  Apply all migrations: accounts, admin, auth, contenttypes, landlords, properties, sessions, tenants
Running migrations:
  Applying contenttypes.0001_initial... OK
  Applying contenttypes.0002_remove_content_type_name... OK
  Applying auth.0001_initial... OK
  Applying auth.0002_alter_permission_name_max_length... OK
  Applying auth.0003_alter_user_email_max_length... OK
  Applying auth.0004_alter_user_username_opts... OK
  Applying auth.0005_alter_user_last_login_null... OK
  Applying auth.0006_require_contenttypes_0002... OK
  Applying auth.0007_alter_validators_add_error_messages... OK
  Applying auth.0008_alter_user_username_max_length... OK
  Applying auth.0009_alter_user_last_name_max_length... OK
  Applying auth.0010_alter_group_name_max_length... OK
  Applying auth.0011_update_proxy_permissions... OK
  Applying auth.0012_alter_user_first_name_max_length... OK
  Applying accounts.0001_initial... OK
  Applying admin.0001_initial... OK
  Applying admin.0002_logentry_remove_auto_add... OK
  Applying admin.0003_logentry_add_action_flag_choices... OK
  Applying landlords.0001_initial... OK
  Applying properties.0001_initial... OK
  Applying landlords.0002_initial... OK
  Applying sessions.0001_initial... OK
  Applying tenants.0001_initial... OK
